[INFO  uvicorn.error server:64 - serve() - 24.04.2021 09:14:50 PM]
	 Started server process [4254] 

[INFO  uvicorn.error on:26 - startup() - 24.04.2021 09:14:50 PM]
	 Waiting for application startup. 

[INFO  uvicorn.error on:38 - startup() - 24.04.2021 09:14:50 PM]
	 Application startup complete. 

[INFO  uvicorn.error server:239 - shutdown() - 24.04.2021 09:15:41 PM]
	 Shutting down 

[INFO  uvicorn.error on:43 - shutdown() - 24.04.2021 09:15:41 PM]
	 Waiting for application shutdown. 

[INFO  uvicorn.error on:46 - shutdown() - 24.04.2021 09:15:41 PM]
	 Application shutdown complete. 

[INFO  uvicorn.error server:74 - serve() - 24.04.2021 09:15:41 PM]
	 Finished server process [4254] 

[INFO  uvicorn.error server:64 - serve() - 24.04.2021 09:15:42 PM]
	 Started server process [4275] 

[INFO  uvicorn.error on:26 - startup() - 24.04.2021 09:15:42 PM]
	 Waiting for application startup. 

[INFO  uvicorn.error on:38 - startup() - 24.04.2021 09:15:42 PM]
	 Application startup complete. 

[INFO  uvicorn.error server:239 - shutdown() - 24.04.2021 09:16:31 PM]
	 Shutting down 

[INFO  uvicorn.error on:43 - shutdown() - 24.04.2021 09:16:31 PM]
	 Waiting for application shutdown. 

[INFO  uvicorn.error on:46 - shutdown() - 24.04.2021 09:16:31 PM]
	 Application shutdown complete. 

[INFO  uvicorn.error server:74 - serve() - 24.04.2021 09:16:31 PM]
	 Finished server process [4275] 

[INFO  uvicorn.error server:64 - serve() - 24.04.2021 09:16:32 PM]
	 Started server process [4290] 

[INFO  uvicorn.error on:26 - startup() - 24.04.2021 09:16:32 PM]
	 Waiting for application startup. 

[INFO  uvicorn.error on:38 - startup() - 24.04.2021 09:16:32 PM]
	 Application startup complete. 

[INFO  uvicorn.error server:239 - shutdown() - 24.04.2021 09:17:16 PM]
	 Shutting down 

[INFO  uvicorn.error on:43 - shutdown() - 24.04.2021 09:17:16 PM]
	 Waiting for application shutdown. 

[INFO  uvicorn.error on:46 - shutdown() - 24.04.2021 09:17:16 PM]
	 Application shutdown complete. 

[INFO  uvicorn.error server:74 - serve() - 24.04.2021 09:17:16 PM]
	 Finished server process [4290] 

[INFO  uvicorn.error server:64 - serve() - 24.04.2021 09:17:17 PM]
	 Started server process [4317] 

[INFO  uvicorn.error on:26 - startup() - 24.04.2021 09:17:17 PM]
	 Waiting for application startup. 

[INFO  uvicorn.error on:38 - startup() - 24.04.2021 09:17:17 PM]
	 Application startup complete. 

[INFO  uvicorn.error server:239 - shutdown() - 24.04.2021 09:19:01 PM]
	 Shutting down 

[INFO  uvicorn.error on:43 - shutdown() - 24.04.2021 09:19:01 PM]
	 Waiting for application shutdown. 

[INFO  uvicorn.error on:46 - shutdown() - 24.04.2021 09:19:01 PM]
	 Application shutdown complete. 

[INFO  uvicorn.error server:74 - serve() - 24.04.2021 09:19:01 PM]
	 Finished server process [4317] 

[INFO  uvicorn.error server:64 - serve() - 24.04.2021 09:19:02 PM]
	 Started server process [4337] 

[INFO  uvicorn.error on:26 - startup() - 24.04.2021 09:19:02 PM]
	 Waiting for application startup. 

[INFO  uvicorn.error on:38 - startup() - 24.04.2021 09:19:02 PM]
	 Application startup complete. 

[INFO  uvicorn.error server:239 - shutdown() - 24.04.2021 09:21:46 PM]
	 Shutting down 

[INFO  uvicorn.error on:43 - shutdown() - 24.04.2021 09:21:46 PM]
	 Waiting for application shutdown. 

[INFO  uvicorn.error on:46 - shutdown() - 24.04.2021 09:21:46 PM]
	 Application shutdown complete. 

[INFO  uvicorn.error server:74 - serve() - 24.04.2021 09:21:46 PM]
	 Finished server process [4337] 

[INFO  uvicorn.error server:64 - serve() - 24.04.2021 09:21:47 PM]
	 Started server process [4397] 

[INFO  uvicorn.error on:26 - startup() - 24.04.2021 09:21:47 PM]
	 Waiting for application startup. 

[INFO  uvicorn.error on:38 - startup() - 24.04.2021 09:21:47 PM]
	 Application startup complete. 

[INFO  uvicorn.error server:239 - shutdown() - 24.04.2021 09:22:02 PM]
	 Shutting down 

[INFO  uvicorn.error on:43 - shutdown() - 24.04.2021 09:22:02 PM]
	 Waiting for application shutdown. 

[INFO  uvicorn.error on:46 - shutdown() - 24.04.2021 09:22:02 PM]
	 Application shutdown complete. 

[INFO  uvicorn.error server:74 - serve() - 24.04.2021 09:22:02 PM]
	 Finished server process [4397] 

[INFO  uvicorn.error server:64 - serve() - 24.04.2021 09:22:03 PM]
	 Started server process [4418] 

[INFO  uvicorn.error on:26 - startup() - 24.04.2021 09:22:03 PM]
	 Waiting for application startup. 

[INFO  uvicorn.error on:38 - startup() - 24.04.2021 09:22:03 PM]
	 Application startup complete. 

[INFO  uvicorn.error server:239 - shutdown() - 24.04.2021 09:22:24 PM]
	 Shutting down 

[INFO  uvicorn.error on:43 - shutdown() - 24.04.2021 09:22:24 PM]
	 Waiting for application shutdown. 

[INFO  uvicorn.error on:46 - shutdown() - 24.04.2021 09:22:24 PM]
	 Application shutdown complete. 

[INFO  uvicorn.error server:74 - serve() - 24.04.2021 09:22:24 PM]
	 Finished server process [4418] 

[INFO  uvicorn.error server:64 - serve() - 24.04.2021 09:22:25 PM]
	 Started server process [4437] 

[INFO  uvicorn.error on:26 - startup() - 24.04.2021 09:22:25 PM]
	 Waiting for application startup. 

[INFO  uvicorn.error on:38 - startup() - 24.04.2021 09:22:25 PM]
	 Application startup complete. 

[INFO  uvicorn.error server:239 - shutdown() - 24.04.2021 09:23:37 PM]
	 Shutting down 

[INFO  uvicorn.error on:43 - shutdown() - 24.04.2021 09:23:37 PM]
	 Waiting for application shutdown. 

[INFO  uvicorn.error on:46 - shutdown() - 24.04.2021 09:23:37 PM]
	 Application shutdown complete. 

[INFO  uvicorn.error server:74 - serve() - 24.04.2021 09:23:37 PM]
	 Finished server process [4437] 

[INFO  uvicorn.error server:64 - serve() - 24.04.2021 09:23:38 PM]
	 Started server process [4456] 

[INFO  uvicorn.error on:26 - startup() - 24.04.2021 09:23:38 PM]
	 Waiting for application startup. 

[INFO  uvicorn.error on:38 - startup() - 24.04.2021 09:23:38 PM]
	 Application startup complete. 

[INFO  uvicorn.error server:239 - shutdown() - 24.04.2021 09:23:52 PM]
	 Shutting down 

[INFO  uvicorn.error on:43 - shutdown() - 24.04.2021 09:23:52 PM]
	 Waiting for application shutdown. 

[INFO  uvicorn.error on:46 - shutdown() - 24.04.2021 09:23:52 PM]
	 Application shutdown complete. 

[INFO  uvicorn.error server:74 - serve() - 24.04.2021 09:23:52 PM]
	 Finished server process [4456] 

[INFO  uvicorn.error server:64 - serve() - 24.04.2021 09:23:53 PM]
	 Started server process [4483] 

[INFO  uvicorn.error on:26 - startup() - 24.04.2021 09:23:53 PM]
	 Waiting for application startup. 

[INFO  uvicorn.error on:38 - startup() - 24.04.2021 09:23:53 PM]
	 Application startup complete. 

[INFO  uvicorn.error server:239 - shutdown() - 24.04.2021 09:24:27 PM]
	 Shutting down 

[INFO  uvicorn.error on:43 - shutdown() - 24.04.2021 09:24:27 PM]
	 Waiting for application shutdown. 

[INFO  uvicorn.error on:46 - shutdown() - 24.04.2021 09:24:27 PM]
	 Application shutdown complete. 

[INFO  uvicorn.error server:74 - serve() - 24.04.2021 09:24:27 PM]
	 Finished server process [4483] 

[INFO  uvicorn.error server:64 - serve() - 24.04.2021 09:24:28 PM]
	 Started server process [4520] 

[INFO  uvicorn.error on:26 - startup() - 24.04.2021 09:24:28 PM]
	 Waiting for application startup. 

[INFO  uvicorn.error on:38 - startup() - 24.04.2021 09:24:28 PM]
	 Application startup complete. 

[INFO  uvicorn.error server:239 - shutdown() - 24.04.2021 09:24:34 PM]
	 Shutting down 

[INFO  uvicorn.error on:43 - shutdown() - 24.04.2021 09:24:34 PM]
	 Waiting for application shutdown. 

[INFO  uvicorn.error on:46 - shutdown() - 24.04.2021 09:24:34 PM]
	 Application shutdown complete. 

[INFO  uvicorn.error server:74 - serve() - 24.04.2021 09:24:34 PM]
	 Finished server process [4520] 

[INFO  uvicorn.error server:64 - serve() - 24.04.2021 09:24:35 PM]
	 Started server process [4528] 

[INFO  uvicorn.error on:26 - startup() - 24.04.2021 09:24:35 PM]
	 Waiting for application startup. 

[INFO  uvicorn.error on:38 - startup() - 24.04.2021 09:24:35 PM]
	 Application startup complete. 

[DEBUG  asyncio selector_events:59 - __init__() - 24.04.2021 09:24:48 PM]
	 Using selector: KqueueSelector 

[DEBUG  multipart.multipart multipart:604 - callback() - 24.04.2021 09:24:48 PM]
	 Calling on_field_start with no data 

[DEBUG  multipart.multipart multipart:601 - callback() - 24.04.2021 09:24:48 PM]
	 Calling on_field_name with data[0:8] 

[DEBUG  multipart.multipart multipart:601 - callback() - 24.04.2021 09:24:48 PM]
	 Calling on_field_data with data[9:16] 

[DEBUG  multipart.multipart multipart:604 - callback() - 24.04.2021 09:24:48 PM]
	 Calling on_field_end with no data 

[DEBUG  multipart.multipart multipart:604 - callback() - 24.04.2021 09:24:48 PM]
	 Calling on_field_start with no data 

[DEBUG  multipart.multipart multipart:601 - callback() - 24.04.2021 09:24:48 PM]
	 Calling on_field_name with data[17:25] 

[DEBUG  multipart.multipart multipart:601 - callback() - 24.04.2021 09:24:48 PM]
	 Calling on_field_data with data[26:31] 

[DEBUG  multipart.multipart multipart:604 - callback() - 24.04.2021 09:24:48 PM]
	 Calling on_field_end with no data 

[DEBUG  multipart.multipart multipart:604 - callback() - 24.04.2021 09:24:48 PM]
	 Calling on_end with no data 

[DEBUG  urllib3.connectionpool connectionpool:971 - _new_conn() - 24.04.2021 09:24:52 PM]
	 Starting new HTTPS connection (1): pba-auth-server.herokuapp.com:443 

[DEBUG  urllib3.connectionpool connectionpool:452 - _make_request() - 24.04.2021 09:25:09 PM]
	 https://pba-auth-server.herokuapp.com:443 "POST /oauth/token HTTP/1.1" 200 None 

[INFO  uvicorn.error server:239 - shutdown() - 24.04.2021 09:25:59 PM]
	 Shutting down 

[INFO  uvicorn.error on:43 - shutdown() - 24.04.2021 09:25:59 PM]
	 Waiting for application shutdown. 

[INFO  uvicorn.error on:46 - shutdown() - 24.04.2021 09:25:59 PM]
	 Application shutdown complete. 

[INFO  uvicorn.error server:74 - serve() - 24.04.2021 09:25:59 PM]
	 Finished server process [4528] 

[INFO  uvicorn.error server:64 - serve() - 24.04.2021 09:26:00 PM]
	 Started server process [4586] 

[INFO  uvicorn.error on:26 - startup() - 24.04.2021 09:26:00 PM]
	 Waiting for application startup. 

[INFO  uvicorn.error on:38 - startup() - 24.04.2021 09:26:00 PM]
	 Application startup complete. 

[DEBUG  asyncio selector_events:59 - __init__() - 24.04.2021 09:26:06 PM]
	 Using selector: KqueueSelector 

[DEBUG  multipart.multipart multipart:604 - callback() - 24.04.2021 09:26:06 PM]
	 Calling on_field_start with no data 

[DEBUG  multipart.multipart multipart:601 - callback() - 24.04.2021 09:26:06 PM]
	 Calling on_field_name with data[0:8] 

[DEBUG  multipart.multipart multipart:601 - callback() - 24.04.2021 09:26:06 PM]
	 Calling on_field_data with data[9:16] 

[DEBUG  multipart.multipart multipart:604 - callback() - 24.04.2021 09:26:06 PM]
	 Calling on_field_end with no data 

[DEBUG  multipart.multipart multipart:604 - callback() - 24.04.2021 09:26:06 PM]
	 Calling on_field_start with no data 

[DEBUG  multipart.multipart multipart:601 - callback() - 24.04.2021 09:26:06 PM]
	 Calling on_field_name with data[17:25] 

[DEBUG  multipart.multipart multipart:601 - callback() - 24.04.2021 09:26:06 PM]
	 Calling on_field_data with data[26:31] 

[DEBUG  multipart.multipart multipart:604 - callback() - 24.04.2021 09:26:06 PM]
	 Calling on_field_end with no data 

[DEBUG  multipart.multipart multipart:604 - callback() - 24.04.2021 09:26:06 PM]
	 Calling on_end with no data 

[DEBUG  urllib3.connectionpool connectionpool:971 - _new_conn() - 24.04.2021 09:26:06 PM]
	 Starting new HTTPS connection (1): pba-auth-server.herokuapp.com:443 

[DEBUG  urllib3.connectionpool connectionpool:452 - _make_request() - 24.04.2021 09:26:07 PM]
	 https://pba-auth-server.herokuapp.com:443 "POST /oauth/token HTTP/1.1" 200 None 

[INFO  uvicorn.error server:239 - shutdown() - 24.04.2021 09:26:25 PM]
	 Shutting down 

[INFO  uvicorn.error on:43 - shutdown() - 24.04.2021 09:26:25 PM]
	 Waiting for application shutdown. 

[INFO  uvicorn.error on:46 - shutdown() - 24.04.2021 09:26:25 PM]
	 Application shutdown complete. 

[INFO  uvicorn.error server:74 - serve() - 24.04.2021 09:26:25 PM]
	 Finished server process [4586] 

[INFO  uvicorn.error server:64 - serve() - 24.04.2021 09:26:26 PM]
	 Started server process [4629] 

[INFO  uvicorn.error on:26 - startup() - 24.04.2021 09:26:26 PM]
	 Waiting for application startup. 

[INFO  uvicorn.error on:38 - startup() - 24.04.2021 09:26:26 PM]
	 Application startup complete. 

[DEBUG  asyncio selector_events:59 - __init__() - 24.04.2021 09:26:27 PM]
	 Using selector: KqueueSelector 

[DEBUG  multipart.multipart multipart:604 - callback() - 24.04.2021 09:26:27 PM]
	 Calling on_field_start with no data 

[DEBUG  multipart.multipart multipart:601 - callback() - 24.04.2021 09:26:27 PM]
	 Calling on_field_name with data[0:8] 

[DEBUG  multipart.multipart multipart:601 - callback() - 24.04.2021 09:26:27 PM]
	 Calling on_field_data with data[9:16] 

[DEBUG  multipart.multipart multipart:604 - callback() - 24.04.2021 09:26:27 PM]
	 Calling on_field_end with no data 

[DEBUG  multipart.multipart multipart:604 - callback() - 24.04.2021 09:26:27 PM]
	 Calling on_field_start with no data 

[DEBUG  multipart.multipart multipart:601 - callback() - 24.04.2021 09:26:27 PM]
	 Calling on_field_name with data[17:25] 

[DEBUG  multipart.multipart multipart:601 - callback() - 24.04.2021 09:26:27 PM]
	 Calling on_field_data with data[26:31] 

[DEBUG  multipart.multipart multipart:604 - callback() - 24.04.2021 09:26:27 PM]
	 Calling on_field_end with no data 

[DEBUG  multipart.multipart multipart:604 - callback() - 24.04.2021 09:26:27 PM]
	 Calling on_end with no data 

[DEBUG  urllib3.connectionpool connectionpool:971 - _new_conn() - 24.04.2021 09:26:28 PM]
	 Starting new HTTPS connection (1): pba-auth-server.herokuapp.com:443 

[DEBUG  urllib3.connectionpool connectionpool:452 - _make_request() - 24.04.2021 09:26:29 PM]
	 https://pba-auth-server.herokuapp.com:443 "POST /oauth/token HTTP/1.1" 200 None 

[INFO  uvicorn.error server:239 - shutdown() - 24.04.2021 09:27:48 PM]
	 Shutting down 

[INFO  uvicorn.error on:43 - shutdown() - 24.04.2021 09:27:49 PM]
	 Waiting for application shutdown. 

[INFO  uvicorn.error on:46 - shutdown() - 24.04.2021 09:27:49 PM]
	 Application shutdown complete. 

[INFO  uvicorn.error server:74 - serve() - 24.04.2021 09:27:49 PM]
	 Finished server process [4629] 

[INFO  uvicorn.error server:64 - serve() - 24.04.2021 09:27:49 PM]
	 Started server process [4674] 

[INFO  uvicorn.error on:26 - startup() - 24.04.2021 09:27:49 PM]
	 Waiting for application startup. 

[INFO  uvicorn.error on:38 - startup() - 24.04.2021 09:27:49 PM]
	 Application startup complete. 

[INFO  uvicorn.error server:239 - shutdown() - 24.04.2021 09:28:35 PM]
	 Shutting down 

[INFO  uvicorn.error on:43 - shutdown() - 24.04.2021 09:28:35 PM]
	 Waiting for application shutdown. 

[INFO  uvicorn.error on:46 - shutdown() - 24.04.2021 09:28:35 PM]
	 Application shutdown complete. 

[INFO  uvicorn.error server:74 - serve() - 24.04.2021 09:28:35 PM]
	 Finished server process [4674] 

[INFO  uvicorn.error server:64 - serve() - 24.04.2021 09:28:36 PM]
	 Started server process [4690] 

[INFO  uvicorn.error on:26 - startup() - 24.04.2021 09:28:36 PM]
	 Waiting for application startup. 

[INFO  uvicorn.error on:38 - startup() - 24.04.2021 09:28:36 PM]
	 Application startup complete. 

[INFO  uvicorn.error server:239 - shutdown() - 24.04.2021 09:28:45 PM]
	 Shutting down 

[INFO  uvicorn.error on:43 - shutdown() - 24.04.2021 09:28:45 PM]
	 Waiting for application shutdown. 

[INFO  uvicorn.error on:46 - shutdown() - 24.04.2021 09:28:45 PM]
	 Application shutdown complete. 

[INFO  uvicorn.error server:74 - serve() - 24.04.2021 09:28:45 PM]
	 Finished server process [4690] 

[INFO  uvicorn.error server:64 - serve() - 24.04.2021 09:28:46 PM]
	 Started server process [4704] 

[INFO  uvicorn.error on:26 - startup() - 24.04.2021 09:28:46 PM]
	 Waiting for application startup. 

[INFO  uvicorn.error on:38 - startup() - 24.04.2021 09:28:46 PM]
	 Application startup complete. 

[INFO  uvicorn.error server:239 - shutdown() - 24.04.2021 09:29:21 PM]
	 Shutting down 

[INFO  uvicorn.error on:43 - shutdown() - 24.04.2021 09:29:21 PM]
	 Waiting for application shutdown. 

[INFO  uvicorn.error on:46 - shutdown() - 24.04.2021 09:29:21 PM]
	 Application shutdown complete. 

[INFO  uvicorn.error server:74 - serve() - 24.04.2021 09:29:21 PM]
	 Finished server process [4704] 

[INFO  uvicorn.error server:64 - serve() - 24.04.2021 09:29:22 PM]
	 Started server process [4725] 

[INFO  uvicorn.error on:26 - startup() - 24.04.2021 09:29:22 PM]
	 Waiting for application startup. 

[INFO  uvicorn.error on:38 - startup() - 24.04.2021 09:29:22 PM]
	 Application startup complete. 

[INFO  uvicorn.error server:239 - shutdown() - 24.04.2021 09:31:12 PM]
	 Shutting down 

[INFO  uvicorn.error on:43 - shutdown() - 24.04.2021 09:31:12 PM]
	 Waiting for application shutdown. 

[INFO  uvicorn.error on:46 - shutdown() - 24.04.2021 09:31:12 PM]
	 Application shutdown complete. 

[INFO  uvicorn.error server:74 - serve() - 24.04.2021 09:31:12 PM]
	 Finished server process [4725] 

